#
# There is insufficient memory for the Java Runtime Environment to continue.
# Native memory allocation (mmap) failed to map 264241152 bytes for Failed to commit area from 0x0000000704200000 to 0x0000000713e00000 of length 264241152.
# Possible reasons:
#   The system is out of physical RAM or swap space
#   The process is running with CompressedOops enabled, and the Java Heap may be blocking the growth of the native heap
# Possible solutions:
#   Reduce memory load on the system
#   Increase physical memory or swap space
#   Check if swap backing store is full
#   Decrease Java heap size (-Xmx/-Xms)
#   Decrease number of Java threads
#   Decrease Java thread stack sizes (-Xss)
#   Set larger code cache with -XX:ReservedCodeCacheSize=
# This output file may be truncated or incomplete.
#
#  Out of Memory Error (./src/hotspot/os/windows/os_windows.cpp:3301), pid=25892, tid=23336
#
# JRE version:  (11.0.10+9) (build )
# Java VM: OpenJDK 64-Bit Server VM (11.0.10+9, mixed mode, sharing, tiered, compressed oops, g1 gc, windows-amd64)
# No core dump will be written. Minidumps are not enabled by default on client versions of Windows
#

---------------  S U M M A R Y ------------

Command Line: -javaagent:C:\Program Files\JetBrains\IntelliJ IDEA Community Edition 2020.3.2\lib\idea_rt.jar=62233:C:\Program Files\JetBrains\IntelliJ IDEA Community Edition 2020.3.2\bin -Dfile.encoding=UTF-8 com.techelevator.Module1CodingAssessment

Host: 11th Gen Intel(R) Core(TM) i7-1185G7 @ 3.00GHz, 8 cores, 15G,  Windows 10 , 64 bit Build 19041 (10.0.19041.1202)
Time: Wed Oct  6 10:16:14 2021 Eastern Daylight Time elapsed time: 0.015961 seconds (0d 0h 0m 0s)

---------------  T H R E A D  ---------------

Current thread (0x000001becc48a000):  JavaThread "Unknown thread" [_thread_in_vm, id=23336, stack(0x000000bd96100000,0x000000bd96200000)]

Stack: [0x000000bd96100000,0x000000bd96200000]
Native frames: (J=compiled Java code, j=interpreted, Vv=VM code, C=native code)
V  [jvm.dll+0x5f35ea]
V  [jvm.dll+0x77c65e]
V  [jvm.dll+0x77dd2f]
V  [jvm.dll+0x77e3f3]
V  [jvm.dll+0x246c38]
V  [jvm.dll+0x5f079a]
V  [jvm.dll+0x5e53c5]
V  [jvm.dll+0x2fba4c]
V  [jvm.dll+0x2fb8d2]
V  [jvm.dll+0x300586]
V  [jvm.dll+0x344cff]
V  [jvm.dll+0x344730]
V  [jvm.dll+0x2d8cb8]
V  [jvm.dll+0x2d9e06]
V  [jvm.dll+0x757c77]
V  [jvm.dll+0x7593ff]
V  [jvm.dll+0x351a59]
V  [jvm.dll+0x73aea0]
V  [jvm.dll+0x3b929f]
V  [jvm.dll+0x3bb7a1]
C  [jli.dll+0x520b]
C  [ucrtbase.dll+0x21bb2]
C  [KERNEL32.DLL+0x17034]
C  [ntdll.dll+0x52651]


---------------  P R O C E S S  ---------------

Threads class SMR info:
_java_thread_list=0x000001becc2f84e0, length=0, elements={
}

Java Threads: ( => current thread )

Other Threads:
  0x000001becc4a0800 GCTaskThread "GC Thread#0" [stack: 0x000000bd96200000,0x000000bd96300000] [id=22208]
  0x000001becc4fc000 ConcurrentGCThread "G1 Main Marker" [stack: 0x000000bd96300000,0x000000bd96400000] [id=7544]
  0x000001becc501800 ConcurrentGCThread "G1 Conc#0" [stack: 0x000000bd96400000,0x000000bd96500000] [id=11772]

[error occurred during error reporting (printing all threads), id 0xc0000005, EXCEPTION_ACCESS_VIOLATION (0xc0000005) at pc=0x00007ffa4aec8337]

VM state:not at safepoint (not fully initialized)

VM Mutex/Monitor currently owned by a thread:  ([mutex/lock_event])
[0x000001becc485260] Heap_lock - owner thread: 0x000001becc48a000

Heap address: 0x0000000704200000, size: 4030 MB, Compressed Oops mode: Non-zero based: 0x0000000704200000
Narrow klass base: 0x0000000000000000, Narrow klass shift: 0

GC Heap History (0 events):
No events

Deoptimization events (0 events):
No events

Classes redefined (0 events):
No events

Internal exceptions (0 events):
No events

Events (1 events):
Event: 0.009 Loaded shared library C:\Program Files\OpenJDK\jdk-11.0.10+9\bin\zip.dll


Dynamic libraries:
0x00007ff7bbc60000 - 0x00007ff7bbc6d000 	C:\Program Files\OpenJDK\jdk-11.0.10+9\bin\java.exe
0x00007ffaa0f70000 - 0x00007ffaa1165000 	C:\WINDOWS\SYSTEM32\ntdll.dll
0x00007ffa9fc30000 - 0x00007ffa9fcee000 	C:\WINDOWS\System32\KERNEL32.DLL
0x00007ffa9e8e0000 - 0x00007ffa9eba9000 	C:\WINDOWS\System32\KERNELBASE.dll
0x00007ffa9e7e0000 - 0x00007ffa9e8e0000 	C:\WINDOWS\System32\ucrtbase.dll
0x00007ffa85660000 - 0x00007ffa85677000 	C:\Program Files\OpenJDK\jdk-11.0.10+9\bin\jli.dll
0x00007ffa7d590000 - 0x00007ffa7d5a5000 	C:\Program Files\OpenJDK\jdk-11.0.10+9\bin\VCRUNTIME140.dll
0x00007ffa9f970000 - 0x00007ffa9fb11000 	C:\WINDOWS\System32\USER32.dll
0x00007ffa74ee0000 - 0x00007ffa7517a000 	C:\WINDOWS\WinSxS\amd64_microsoft.windows.common-controls_6595b64144ccf1df_6.0.19041.1110_none_60b5254171f9507e\COMCTL32.dll
0x00007ffa9e690000 - 0x00007ffa9e6b2000 	C:\WINDOWS\System32\win32u.dll
0x00007ffa9fdc0000 - 0x00007ffa9fe5e000 	C:\WINDOWS\System32\msvcrt.dll
0x00007ffa9f120000 - 0x00007ffa9f14b000 	C:\WINDOWS\System32\GDI32.dll
0x00007ffa9ecb0000 - 0x00007ffa9edbb000 	C:\WINDOWS\System32\gdi32full.dll
0x00007ffa9edc0000 - 0x00007ffa9ee5d000 	C:\WINDOWS\System32\msvcp_win.dll
0x00007ffa9fd90000 - 0x00007ffa9fdc0000 	C:\WINDOWS\System32\IMM32.DLL
0x00007ffa6da10000 - 0x00007ffa6daab000 	C:\Program Files\OpenJDK\jdk-11.0.10+9\bin\msvcp140.dll
0x00007ffa4abe0000 - 0x00007ffa4b723000 	C:\Program Files\OpenJDK\jdk-11.0.10+9\bin\server\jvm.dll
0x00007ffaa03b0000 - 0x00007ffaa045c000 	C:\WINDOWS\System32\ADVAPI32.dll
0x00007ffa9fcf0000 - 0x00007ffa9fd8b000 	C:\WINDOWS\System32\sechost.dll
0x00007ffaa0120000 - 0x00007ffaa024a000 	C:\WINDOWS\System32\RPCRT4.dll
0x00007ffaa0c40000 - 0x00007ffaa0c48000 	C:\WINDOWS\System32\PSAPI.DLL
0x00007ffa7d8f0000 - 0x00007ffa7d8f9000 	C:\WINDOWS\SYSTEM32\WSOCK32.dll
0x00007ffaa02b0000 - 0x00007ffaa031b000 	C:\WINDOWS\System32\WS2_32.dll
0x00007ffa7dfc0000 - 0x00007ffa7dfe7000 	C:\WINDOWS\SYSTEM32\WINMM.dll
0x00007ffa8c410000 - 0x00007ffa8c41a000 	C:\WINDOWS\SYSTEM32\VERSION.dll
0x00007ffa9c570000 - 0x00007ffa9c582000 	C:\WINDOWS\SYSTEM32\kernel.appcore.dll
0x00007ffa85650000 - 0x00007ffa85660000 	C:\Program Files\OpenJDK\jdk-11.0.10+9\bin\verify.dll
0x00007ffa98060000 - 0x00007ffa98244000 	C:\WINDOWS\SYSTEM32\DBGHELP.DLL
0x00007ffa6c3e0000 - 0x00007ffa6c40c000 	C:\WINDOWS\SYSTEM32\dbgcore.DLL
0x00007ffa9e6c0000 - 0x00007ffa9e743000 	C:\WINDOWS\System32\bcryptPrimitives.dll
0x00007ffa6f890000 - 0x00007ffa6f8b8000 	C:\Program Files\OpenJDK\jdk-11.0.10+9\bin\java.dll
0x00007ffa7fd00000 - 0x00007ffa7fd0a000 	C:\Program Files\OpenJDK\jdk-11.0.10+9\bin\jimage.dll
0x00007ffa7d5f0000 - 0x00007ffa7d5fe000 	C:\Program Files\OpenJDK\jdk-11.0.10+9\bin\instrument.dll
0x00007ffa77690000 - 0x00007ffa776a7000 	C:\Program Files\OpenJDK\jdk-11.0.10+9\bin\zip.dll

dbghelp: loaded successfully - version: 4.0.5 - missing functions: none
symbol engine: initialized successfully - sym options: 0x614 - pdb path: .;C:\Program Files\OpenJDK\jdk-11.0.10+9\bin;C:\WINDOWS\SYSTEM32;C:\WINDOWS\WinSxS\amd64_microsoft.windows.common-controls_6595b64144ccf1df_6.0.19041.1110_none_60b5254171f9507e;C:\Program Files\OpenJDK\jdk-11.0.10+9\bin\server

VM Arguments:
jvm_args: -javaagent:C:\Program Files\JetBrains\IntelliJ IDEA Community Edition 2020.3.2\lib\idea_rt.jar=62233:C:\Program Files\JetBrains\IntelliJ IDEA Community Edition 2020.3.2\bin -Dfile.encoding=UTF-8 
java_command: com.techelevator.Module1CodingAssessment
java_class_path (initial): C:\Users\Student\source\repos\josephnguyen-java-blue\module-1\m1-assessment\target\classes
Launcher Type: SUN_STANDARD

[Global flags]
     intx CICompilerCount                          = 4                                         {product} {ergonomic}
     uint ConcGCThreads                            = 2                                         {product} {ergonomic}
     uint G1ConcRefinementThreads                  = 8                                         {product} {ergonomic}
   size_t G1HeapRegionSize                         = 1048576                                   {product} {ergonomic}
    uintx GCDrainStackTargetSize                   = 64                                        {product} {ergonomic}
   size_t InitialHeapSize                          = 264241152                                 {product} {ergonomic}
   size_t MarkStackSize                            = 4194304                                   {product} {ergonomic}
   size_t MaxHeapSize                              = 4225761280                                {product} {ergonomic}
   size_t MinHeapDeltaBytes                        = 1048576                                   {product} {ergonomic}
    uintx NonNMethodCodeHeapSize                   = 5836300                                {pd product} {ergonomic}
    uintx NonProfiledCodeHeapSize                  = 122910970                              {pd product} {ergonomic}
    uintx ProfiledCodeHeapSize                     = 122910970                              {pd product} {ergonomic}
    uintx ReservedCodeCacheSize                    = 251658240                              {pd product} {ergonomic}
     bool SegmentedCodeCache                       = true                                      {product} {ergonomic}
     bool UseCompressedClassPointers               = true                                 {lp64_product} {ergonomic}
     bool UseCompressedOops                        = true                                 {lp64_product} {ergonomic}
     bool UseG1GC                                  = true                                      {product} {ergonomic}
     bool UseLargePagesIndividualAllocation        = false                                  {pd product} {ergonomic}

Logging:
Log output configuration:
 #0: stdout all=warning uptime,level,tags
 #1: stderr all=off uptime,level,tags

Environment Variables:
JAVA_HOME=C:\Program Files\OpenJDK\jdk-11.0.10+9
PATH=C:\WINDOWS\system32;C:\WINDOWS;C:\WINDOWS\System32\Wbem;C:\WINDOWS\System32\WindowsPowerShell\v1.0\;C:\WINDOWS\System32\OpenSSH\;C:\ProgramData\chocolatey\bin;C:\Program Files\Git\cmd;C:\Program Files\dotnet\;C:\Program Files\Microsoft SQL Server\130\Tools\Binn\;C:\Program Files\Microsoft SQL Server\Client SDK\ODBC\170\Tools\Binn\;C:\Program Files (x86)\Microsoft SQL Server\150\Tools\Binn\;C:\Program Files\Microsoft SQL Server\150\Tools\Binn\;C:\Program Files\Microsoft SQL Server\150\DTS\Binn\;C:\Program Files (x86)\Microsoft SQL Server\150\DTS\Binn\;C:\Program Files\Azure Data Studio\bin;C:\Program Files\OpenJDK\jdk-11.0.10+9\bin;C:\Program Files\PostgreSQL\12\bin;C:\Program Files\Maven\apache-maven-3.6.3\bin;C:\Program Files\ChromeDriver;C:\Program Files\Node\node-v14.15.5-win-x64;;C:\Program Files\Microsoft VS Code\bin;C:\Users\Student\AppData\Local\Microsoft\WindowsApps;C:\Users\Student\.dotnet\tools;C:\Program Files\Azure Data Studio\bin
USERNAME=Student
OS=Windows_NT
PROCESSOR_IDENTIFIER=Intel64 Family 6 Model 140 Stepping 1, GenuineIntel



---------------  S Y S T E M  ---------------

OS: Windows 10 , 64 bit Build 19041 (10.0.19041.1202)
OS uptime: 5 days 19:38 hours

CPU:total 8 (initial active 8) (4 cores per cpu, 2 threads per core) family 6 model 140 stepping 1 microcode 0x6e, cmov, cx8, fxsr, mmx, sse, sse2, sse3, ssse3, sse4.1, sse4.2, popcnt, avx, avx2, aes, clmul, erms, 3dnowpref, lzcnt, ht, tsc, tscinvbit, bmi1, bmi2, adx, evex, sha, fma

Memory: 4k page, system-wide physical 16113M (4435M free)
TotalPageFile size 19205M (AvailPageFile size 177M)
current process WorkingSet (physical memory assigned to process): 10M, peak: 10M
current process commit charge ("private bytes"): 60M, peak: 312M

vm_info: OpenJDK 64-Bit Server VM (11.0.10+9) for windows-amd64 JRE (11.0.10+9), built on Jan 20 2021 06:07:07 by "" with MS VC++ 15.9 (VS2017)

END.
